Change Component Designator: Old Designator=1 New Designator=?
Change Component Designator: Old Designator=18b20? New Designator=?
Change Component Designator: Old Designator=C1 New Designator=C?
Change Component Designator: Old Designator=C2 New Designator=C?
Change Component Designator: Old Designator=C3 New Designator=C?
Change Component Designator: Old Designator=C4 New Designator=C?
Change Component Designator: Old Designator=C9 New Designator=C?
Change Component Designator: Old Designator=C10 New Designator=C?
Change Component Designator: Old Designator=C11 New Designator=C?
Change Component Designator: Old Designator=C12 New Designator=C?
Change Component Designator: Old Designator=C13 New Designator=C?
Change Component Designator: Old Designator=C14 New Designator=C?
Change Component Designator: Old Designator=DHT11? New Designator=DHT?
Change Component Designator: Old Designator=DS1 New Designator=DS?
Change Component Designator: Old Designator=DS3 New Designator=DS?
Change Component Designator: Old Designator=JLX1 New Designator=JLX?
Change Component Designator: Old Designator=LS1 New Designator=LS?
Change Component Designator: Old Designator=NPN1 New Designator=NPN?
Change Component Designator: Old Designator=NPN2 New Designator=NPN?
Change Component Designator: Old Designator=P1 New Designator=P?
Change Component Designator: Old Designator=P2 New Designator=P?
Change Component Designator: Old Designator=P7 New Designator=P?
Change Component Designator: Old Designator=R1 New Designator=R?
Change Component Designator: Old Designator=R3 New Designator=R?
Change Component Designator: Old Designator=R4 New Designator=R?
Change Component Designator: Old Designator=R15 New Designator=R?
Change Component Designator: Old Designator=R16 New Designator=R?
Change Component Designator: Old Designator=R18 New Designator=R?
Change Component Designator: Old Designator=R19 New Designator=R?
Change Component Designator: Old Designator=R20 New Designator=R?
Change Component Designator: Old Designator=R21 New Designator=R?
Change Component Designator: Old Designator=R22 New Designator=R?
Change Component Designator: Old Designator=S2 New Designator=S?
Change Component Designator: Old Designator=S3 New Designator=S?
Change Component Designator: Old Designator=S4 New Designator=S?
Change Component Designator: Old Designator=STC1 New Designator=STC?
Change Component Designator: Old Designator=SW1 New Designator=SW?
Change Component Designator: Old Designator=Y1 New Designator=Y?
