C51 COMPILER V7.06   DS1820                                                                12/09/2016 21:15:08 PAGE 1   


C51 COMPILER V7.06, COMPILATION OF MODULE DS1820
OBJECT MODULE PLACED IN .\hex\ds1820.obj
COMPILER INVOKED BY: D:\Keil4\C51\BIN\C51.EXE ds1820.c LARGE BROWSE DEBUG OBJECTEXTEND TABS(2) OBJECT(.\hex\ds1820.obj)

stmt level    source

   1          
   2          #include "ds1820.h"
   3          
   4          
   5          sbit DQ=P5^2;
   6          
   7          extern uchar t_flag;
   8          
   9          void delay_us(uint us)  //(us*9+16)us
  10          {
  11   1      
  12   1         while(us--){
  13   2            _nop_();
  14   2          _nop_();
  15   2         }
  16   1      //   while(us--);
  17   1       //  while(us--);
  18   1      
  19   1      }
  20          
  21          //18b20重启
  22          uchar Reset_18b20() 
  23          {
  24   1        uchar count=0;
  25   1        DQ=1;
  26   1        DQ=0;
  27   1        delay_us(500);  //(55*9+16）=us
  28   1        DQ=1;
  29   1        delay_us(60);   //等待DS18B20的低电平 25us
  30   1        while(DQ)
  31   1        {
  32   2          count++;
  33   2          if(count==60)
  34   2            return 0;
  35   2        }
  36   1        delay_us(420);
  37   1        return 1;
  38   1      /*
  39   1        DQ = 1;
  40   1        delay_us(55);
  41   1        DQ = 0;
  42   1        delay_us(500);
  43   1        DQ = 1;
  44   1        delay_us(60);
  45   1        count = DQ;
  46   1        return count;
  47   1      */
  48   1      }
  49          
  50          //单总线写一字节
  51          void WriteByte(uchar dat)
  52          {
  53   1        uchar i=0,w;
  54   1        for(i=0;i<8;i++)
  55   1        {
C51 COMPILER V7.06   DS1820                                                                12/09/2016 21:15:08 PAGE 2   

  56   2          w=dat&0x01;
  57   2          dat=dat>>1;
  58   2          if(w)    //判断是写1还是写0
  59   2          {
  60   3            DQ=0;
  61   3            //延时15us;
  62   3            delay_us(1);
  63   3            //写1
  64   3            DQ=1;                 
  65   3            delay_us(60);   ;
  66   3          }
  67   2      
  68   2          else
  69   2          {
  70   3            DQ=0;
  71   3             delay_us(1);
  72   3            //写0
  73   3            DQ=0;
  74   3              delay_us(60);   
  75   3          }
  76   2          DQ=1;   //每传送一位后，需高最少1US
  77   2          delay_us(1);
  78   2          
  79   2         }
  80   1      }
  81          
  82          //从单总线读一字节
  83          uchar ReadByte()
  84          {
  85   1         uchar tempdat=0,i=0;
  86   1         DQ=1; //先拉高 
  87   1         for(i=0;i<8;i++)
  88   1         {  
  89   2            tempdat=tempdat>>1; 
  90   2          DQ=0;
  91   2           delay_us(1);
  92   2          DQ=1;
  93   2           delay_us(1);  
  94   2          /* */
  95   2          if(DQ==1)
  96   2            tempdat =tempdat|0x80;
  97   2          else  
  98   2            tempdat =tempdat|0x00;
  99   2          delay_us(60);  
 100   2      
 101   2           DQ=1;    //每传送一位后，拉高最少1US
 102   2           delay_us(1);
 103   2         }
 104   1         return tempdat;
 105   1      }
 106          
 107          
 108          //读取单个温度
 109          float ReadOne_T()
 110          {
 111   1        int t;
 112   1        float t1;
 113   1        uchar tempH=0;
 114   1        uchar tempL=0;  
 115   1        if(!Reset_18b20())  //
 116   1          return 13;
 117   1      
C51 COMPILER V7.06   DS1820                                                                12/09/2016 21:15:08 PAGE 3   

 118   1        Reset_18b20();      //复位  
 119   1        WriteByte(0xcc);  //跳过ROM指令 
 120   1        WriteByte(0x44);  //执行温度转换存储器操作指令
 121   1        delay_us(1000);   //等待>500us温度转换时间
 122   1        
 123   1        Reset_18b20();    //复位
 124   1        WriteByte(0xcc);  //跳过ROM指令 
 125   1        WriteByte(0xbe);  //执行读RAM的存储器操作指令
 126   1          
 127   1        tempL=ReadByte(); //读数据--温度的低4位字节
 128   1        tempH=ReadByte();   //读数据--温度的高4位字节
 129   1        //将读取温度转换成数字
 130   1        //t=tempH*256+tempL;
 131   1        t=tempH;
 132   1        t=t<<8;
 133   1        t=t|tempL;
 134   1        if(t<0x800)
 135   1        {
 136   2          t_flag = 0;
 137   2        }
 138   1        else if(t>=0x800)
 139   1        {
 140   2          t_flag=1;
 141   2          t=~t+1;
 142   2        }
 143   1      
 144   1        t1=t*0.625+0.5;
 145   1        return t1;
 146   1      } 
 147          
 148          
 149          
 150          


MODULE INFORMATION:   STATIC OVERLAYABLE
   CODE SIZE        =    287    ----
   CONSTANT SIZE    =   ----    ----
   XDATA SIZE       =   ----    ----
   PDATA SIZE       =   ----    ----
   DATA SIZE        =   ----    ----
   IDATA SIZE       =   ----    ----
   BIT SIZE         =   ----    ----
END OF MODULE INFORMATION.


C51 COMPILATION COMPLETE.  0 WARNING(S),  0 ERROR(S)
